0 verbose cli C:\Program Files\nodejs\node.exe C:\Program Files\nodejs\node_modules\npm\bin\npm-cli.js
1 info using npm@9.6.7
2 info using node@v18.17.1
3 timing npm:load:whichnode Completed in 4ms
4 timing config:load:defaults Completed in 5ms
5 timing config:load:file:C:\Program Files\nodejs\node_modules\npm\npmrc Completed in 5ms
6 timing config:load:builtin Completed in 6ms
7 timing config:load:cli Completed in 4ms
8 timing config:load:env Completed in 1ms
9 timing config:load:file:C:\Users\marco\Desktop\testtt\.npmrc Completed in 0ms
10 timing config:load:project Completed in 3ms
11 timing config:load:file:C:\Users\marco\.npmrc Completed in 1ms
12 timing config:load:user Completed in 1ms
13 timing config:load:file:C:\Program Files\nodejs\etc\npmrc Completed in 0ms
14 timing config:load:global Completed in 0ms
15 timing config:load:setEnvs Completed in 2ms
16 timing config:load Completed in 28ms
17 timing npm:load:configload Completed in 28ms
18 timing npm:load:mkdirpcache Completed in 1ms
19 timing npm:load:mkdirplogs Completed in 0ms
20 verbose title npm run dev
21 verbose argv "run" "dev"
22 timing npm:load:setTitle Completed in 3ms
23 timing config:load:flatten Completed in 10ms
24 timing npm:load:display Completed in 12ms
25 verbose logfile logs-max:10 dir:C:\Users\marco\Desktop\testtt\UsersmarcoAppDataRoamingnpm\_logs\2023-12-18T18_30_32_961Z-
26 verbose logfile C:\Users\marco\Desktop\testtt\UsersmarcoAppDataRoamingnpm\_logs\2023-12-18T18_30_32_961Z-debug-0.log
27 timing npm:load:logFile Completed in 60ms
28 timing npm:load:timers Completed in 1ms
29 timing npm:load:configScope Completed in 0ms
30 timing npm:load Completed in 113ms
31 silly logfile done cleaning log files
32 http fetch GET 200 https://registry.npmjs.org/npm 700ms (cache miss)
33 timing command:run Completed in 13080ms
34 notice
34 notice New [31mmajor[39m version of npm available! [31m9.6.7[39m -> [32m10.2.5[39m
34 notice Changelog: [36mhttps://github.com/npm/cli/releases/tag/v10.2.5[39m
34 notice Run [32mnpm install -g npm@10.2.5[39m to update!
34 notice
35 verbose exit 0
36 timing npm Completed in 13277ms
37 info ok
